ISim log file
Running: C:\Users\abs430\Documents\lab2\FSMC\TOP_EQ_isim_par.exe -intstyle ise -gui -sdfmax /TOP_EQ/=netgen/par/TOP_EQ_timesim.sdf -sdfroot / -tclbatch isim.cmd -wdb C:/Users/abs430/Documents/lab2/FSMC/TOP_EQ_isim_par.wdb 
ISim P.20131013 (signature 0x7708f090)
----------------------------------------------------------------------
INFO:Security:50 - The XILINXD_LICENSE_FILE environment variable is set to '2200@141.22.13.16'.
INFO:Security:52 - The LM_LICENSE_FILE environment variable is set to '1717@141.22.13.16'.
WARNING:Security:43 - No license file was found in the standard Xilinx license directory.
WARNING:Security:44 - Since no license file was found,
       please run the Xilinx License Configuration Manager
       (xlcm or "Manage Xilinx Licenses")
       to assist in obtaining a license.
WARNING:Security:42 - Your software subscription period has lapsed. Your current version of Xilinx tools will continue to function, but you no longer qualify for Xilinx software updates or new releases.


----------------------------------------------------------------------
This is a Full version of ISim.
INFO: SDF backannotation was successful with SDF file netgen/par/TOP_EQ_timesim.sdf, for root module /TOP_EQ/.
Time resolution is 1 ps
# onerror resume
# wave add /
# run 1000 ns
Simulator is doing circuit initialization process.
Finished circuit initialization process.
